This is pdfTeX, Version 3.1415926-2.5-1.40.14 (TeX Live 2013/Debian) (format=pdflatex 2016.6.12)  5 DEC 2016 17:16
entering extended mode
 restricted \write18 enabled.
 %&-line parsing enabled.
**physicaA_submit.tex
(./physicaA_submit.tex
LaTeX2e <2011/06/27>
Babel <3.9h> and hyphenation patterns for 4 languages loaded.
(/usr/share/texlive/texmf-dist/tex/latex/elsarticle/elsarticle.cls
Document Class: elsarticle 2009/09/17, 1.2.0: Elsevier Ltd
\@bls=\dimen102
(/usr/share/texlive/texmf-dist/tex/latex/base/article.cls
Document Class: article 2007/10/19 v1.4h Standard LaTeX document class
(/usr/share/texlive/texmf-dist/tex/latex/base/size12.clo
File: size12.clo 2007/10/19 v1.4h Standard LaTeX file (size option)
)
\c@part=\count79
\c@section=\count80
\c@subsection=\count81
\c@subsubsection=\count82
\c@paragraph=\count83
\c@subparagraph=\count84
\c@figure=\count85
\c@table=\count86
\abovecaptionskip=\skip41
\belowcaptionskip=\skip42
\bibindent=\dimen103
)
(/usr/share/texlive/texmf-dist/tex/latex/graphics/graphicx.sty
Package: graphicx 1999/02/16 v1.0f Enhanced LaTeX Graphics (DPC,SPQR)

(/usr/share/texlive/texmf-dist/tex/latex/graphics/keyval.sty
Package: keyval 1999/03/16 v1.13 key=value parser (DPC)
\KV@toks@=\toks14
)
(/usr/share/texlive/texmf-dist/tex/latex/graphics/graphics.sty
Package: graphics 2009/02/05 v1.0o Standard LaTeX Graphics (DPC,SPQR)

(/usr/share/texlive/texmf-dist/tex/latex/graphics/trig.sty
Package: trig 1999/03/16 v1.09 sin cos tan (DPC)
)
(/usr/share/texlive/texmf-dist/tex/latex/latexconfig/graphics.cfg
File: graphics.cfg 2010/04/23 v1.9 graphics configuration of TeX Live
)
Package graphics Info: Driver file: pdftex.def on input line 91.

(/usr/share/texlive/texmf-dist/tex/latex/pdftex-def/pdftex.def
File: pdftex.def 2011/05/27 v0.06d Graphics/color for pdfTeX

(/usr/share/texlive/texmf-dist/tex/generic/oberdiek/infwarerr.sty
Package: infwarerr 2010/04/08 v1.3 Providing info/warning/error messages (HO)
)
(/usr/share/texlive/texmf-dist/tex/generic/oberdiek/ltxcmds.sty
Package: ltxcmds 2011/11/09 v1.22 LaTeX kernel commands for general use (HO)
)
\Gread@gobject=\count87
))
\Gin@req@height=\dimen104
\Gin@req@width=\dimen105
)
(/usr/share/texlive/texmf-dist/tex/latex/psnfss/pifont.sty
Package: pifont 2005/04/12 PSNFSS-v9.2a Pi font support (SPQR) 
LaTeX Font Info:    Try loading font information for U+pzd on input line 63.

(/usr/share/texlive/texmf-dist/tex/latex/psnfss/upzd.fd
File: upzd.fd 2001/06/04 font definitions for U/pzd.
)
LaTeX Font Info:    Try loading font information for U+psy on input line 64.

(/usr/share/texlive/texmf-dist/tex/latex/psnfss/upsy.fd
File: upsy.fd 2001/06/04 font definitions for U/psy.
))
\c@tnote=\count88
\c@fnote=\count89
\c@cnote=\count90
\c@ead=\count91
\c@author=\count92
\@eadauthor=\toks15
\c@affn=\count93
\absbox=\box26
\keybox=\box27
\Columnwidth=\dimen106
\space@left=\dimen107
\els@boxa=\box28
\els@boxb=\box29
\leftMargin=\dimen108
\@enLab=\toks16
\@sep=\skip43
\@@sep=\skip44

(./physicaA_submit.spl)
(/usr/share/texlive/texmf-dist/tex/latex/natbib/natbib.sty
Package: natbib 2010/09/13 8.31b (PWD, AO)
\bibhang=\skip45
\bibsep=\skip46
LaTeX Info: Redefining \cite on input line 694.
\c@NAT@ctr=\count94
)
\splwrite=\write3
\openout3 = `physicaA_submit.spl'.

)
(/usr/share/texlive/texmf-dist/tex/latex/graphics/epsfig.sty
Package: epsfig 1999/02/16 v1.7a (e)psfig emulation (SPQR)
\epsfxsize=\dimen109
\epsfysize=\dimen110
)
(/usr/share/texlive/texmf-dist/tex/latex/caption/caption.sty
Package: caption 2013/05/02 v3.3-89 Customizing captions (AR)

(/usr/share/texlive/texmf-dist/tex/latex/caption/caption3.sty
Package: caption3 2013/05/02 v1.6-88 caption3 kernel (AR)
Package caption3 Info: TeX engine: e-TeX on input line 57.
\captionmargin=\dimen111
\captionmargin@=\dimen112
\captionwidth=\dimen113
\caption@tempdima=\dimen114
\caption@indent=\dimen115
\caption@parindent=\dimen116
\caption@hangindent=\dimen117
)
\c@ContinuedFloat=\count95
)
(/usr/share/texlive/texmf-dist/tex/latex/amsfonts/amssymb.sty
Package: amssymb 2013/01/14 v3.01 AMS font symbols

(/usr/share/texlive/texmf-dist/tex/latex/amsfonts/amsfonts.sty
Package: amsfonts 2013/01/14 v3.01 Basic AMSFonts support
\@emptytoks=\toks17
\symAMSa=\mathgroup4
\symAMSb=\mathgroup5
LaTeX Font Info:    Overwriting math alphabet `\mathfrak' in version `bold'
(Font)                  U/euf/m/n --> U/euf/b/n on input line 106.
))
(/usr/share/texlive/texmf-dist/tex/latex/lineno/lineno.sty
Package: lineno 2005/11/02 line numbers on paragraphs v4.41
\linenopenalty=\count96
\output=\toks18
\linenoprevgraf=\count97
\linenumbersep=\dimen118
\linenumberwidth=\dimen119
\c@linenumber=\count98
\c@pagewiselinenumber=\count99
\c@LN@truepage=\count100
\c@internallinenumber=\count101
\c@internallinenumbers=\count102
\quotelinenumbersep=\dimen120
\bframerule=\dimen121
\bframesep=\dimen122
\bframebox=\box30
LaTeX Info: Redefining \\ on input line 3056.
)
(/usr/share/texlive/texmf-dist/tex/latex/subfig/subfig.sty
Package: subfig 2005/06/28 ver: 1.3 subfig package
\c@KVtest=\count103
\sf@farskip=\skip47
\sf@captopadj=\dimen123
\sf@capskip=\skip48
\sf@nearskip=\skip49
\c@subfigure=\count104
\c@subfigure@save=\count105
\c@lofdepth=\count106
\c@subtable=\count107
\c@subtable@save=\count108
\c@lotdepth=\count109
\sf@top=\skip50
\sf@bottom=\skip51
)
(/usr/share/texlive/texmf-dist/tex/latex/graphics/color.sty
Package: color 2005/11/14 v1.0j Standard LaTeX Color (DPC)

(/usr/share/texlive/texmf-dist/tex/latex/latexconfig/color.cfg
File: color.cfg 2007/01/18 v1.5 color configuration of teTeX/TeXLive
)
Package color Info: Driver file: pdftex.def on input line 130.
)
(./physicaA_submit.aux

LaTeX Warning: Label `fig:5' multiply defined.


LaTeX Warning: Label `sub@fig:5' multiply defined.

)
\openout1 = `physicaA_submit.aux'.

LaTeX Font Info:    Checking defaults for OML/cmm/m/it on input line 67.
LaTeX Font Info:    ... okay on input line 67.
LaTeX Font Info:    Checking defaults for T1/cmr/m/n on input line 67.
LaTeX Font Info:    ... okay on input line 67.
LaTeX Font Info:    Checking defaults for OT1/cmr/m/n on input line 67.
LaTeX Font Info:    ... okay on input line 67.
LaTeX Font Info:    Checking defaults for OMS/cmsy/m/n on input line 67.
LaTeX Font Info:    ... okay on input line 67.
LaTeX Font Info:    Checking defaults for OMX/cmex/m/n on input line 67.
LaTeX Font Info:    ... okay on input line 67.
LaTeX Font Info:    Checking defaults for U/cmr/m/n on input line 67.
LaTeX Font Info:    ... okay on input line 67.
 (/usr/share/texlive/texmf-dist/tex/context/base/supp-pdf.mkii
[Loading MPS to PDF converter (version 2006.09.02).]
\scratchcounter=\count110
\scratchdimen=\dimen124
\scratchbox=\box31
\nofMPsegments=\count111
\nofMParguments=\count112
\everyMPshowfont=\toks19
\MPscratchCnt=\count113
\MPscratchDim=\dimen125
\MPnumerator=\count114
\makeMPintoPDFobject=\count115
\everyMPtoPDFconversion=\toks20
) (/usr/share/texlive/texmf-dist/tex/generic/oberdiek/pdftexcmds.sty
Package: pdftexcmds 2011/11/29 v0.20 Utility functions of pdfTeX for LuaTeX (HO
)

(/usr/share/texlive/texmf-dist/tex/generic/oberdiek/ifluatex.sty
Package: ifluatex 2010/03/01 v1.3 Provides the ifluatex switch (HO)
Package ifluatex Info: LuaTeX not detected.
)
(/usr/share/texlive/texmf-dist/tex/generic/oberdiek/ifpdf.sty
Package: ifpdf 2011/01/30 v2.3 Provides the ifpdf switch (HO)
Package ifpdf Info: pdfTeX in PDF mode is detected.
)
Package pdftexcmds Info: LuaTeX not detected.
Package pdftexcmds Info: \pdf@primitive is available.
Package pdftexcmds Info: \pdf@ifprimitive is available.
Package pdftexcmds Info: \pdfdraftmode found.
)
(/usr/share/texlive/texmf-dist/tex/latex/oberdiek/epstopdf-base.sty
Package: epstopdf-base 2010/02/09 v2.5 Base part for package epstopdf

(/usr/share/texlive/texmf-dist/tex/latex/oberdiek/grfext.sty
Package: grfext 2010/08/19 v1.1 Manage graphics extensions (HO)

(/usr/share/texlive/texmf-dist/tex/generic/oberdiek/kvdefinekeys.sty
Package: kvdefinekeys 2011/04/07 v1.3 Define keys (HO)
))
(/usr/share/texlive/texmf-dist/tex/latex/oberdiek/kvoptions.sty
Package: kvoptions 2011/06/30 v3.11 Key value format for package options (HO)

(/usr/share/texlive/texmf-dist/tex/generic/oberdiek/kvsetkeys.sty
Package: kvsetkeys 2012/04/25 v1.16 Key value parser (HO)

(/usr/share/texlive/texmf-dist/tex/generic/oberdiek/etexcmds.sty
Package: etexcmds 2011/02/16 v1.5 Avoid name clashes with e-TeX commands (HO)
Package etexcmds Info: Could not find \expanded.
(etexcmds)             That can mean that you are not using pdfTeX 1.50 or
(etexcmds)             that some package has redefined \expanded.
(etexcmds)             In the latter case, load this package earlier.
)))
Package grfext Info: Graphics extension search list:
(grfext)             [.png,.pdf,.jpg,.mps,.jpeg,.jbig2,.jb2,.PNG,.PDF,.JPG,.JPE
G,.JBIG2,.JB2,.eps]
(grfext)             \AppendGraphicsExtensions on input line 452.

(/usr/share/texlive/texmf-dist/tex/latex/latexconfig/epstopdf-sys.cfg
File: epstopdf-sys.cfg 2010/07/13 v1.3 Configuration of (r)epstopdf for TeX Liv
e
))
Package caption Info: Begin \AtBeginDocument code.
Package caption Info: subfig package v1.3 is loaded.
Package caption Info: End \AtBeginDocument code.

(./abstract.tex)
LaTeX Font Info:    Try loading font information for U+msa on input line 130.
 (/usr/share/texlive/texmf-dist/tex/latex/amsfonts/umsa.fd
File: umsa.fd 2013/01/14 v3.01 AMS symbols A
)
LaTeX Font Info:    Try loading font information for U+msb on input line 130.

(/usr/share/texlive/texmf-dist/tex/latex/amsfonts/umsb.fd
File: umsb.fd 2013/01/14 v3.01 AMS symbols B
) (./introduction.tex
Underfull \hbox (badness 10000) in paragraph at lines 3--8

 []


Overfull \hbox (1.14038pt too wide) in paragraph at lines 10--15
[]\OT1/cmr/m/n/12 Current reg-u-la-tions claim that the min-i-mum door width sh
ould be 0.813 m
 []


Underfull \hbox (badness 10000) in paragraph at lines 10--15

 []

[1


{/var/lib/texmf/fonts/map/pdftex/updmap/pdftex.map}]
Underfull \hbox (badness 10000) in paragraph at lines 16--21

 []


Underfull \hbox (badness 10000) in paragraph at lines 22--31

 []


Underfull \hbox (badness 10000) in paragraph at lines 32--41

 []


Underfull \hbox (badness 10000) in paragraph at lines 42--47

 []


Underfull \hbox (badness 10000) in paragraph at lines 48--54

 []

[2]
Underfull \hbox (badness 10000) in paragraph at lines 55--60

 []


Underfull \hbox (badness 10000) in paragraph at lines 62--67

 []


Underfull \hbox (badness 10000) in paragraph at lines 68--72

 []


Underfull \hbox (badness 10000) in paragraph at lines 73--77

 []


Underfull \hbox (badness 10000) in paragraph at lines 78--81

 []


Underfull \hbox (badness 10000) in paragraph at lines 82--85

 []


Underfull \hbox (badness 10000) in paragraph at lines 86--89

 []

[3]
Underfull \hbox (badness 10000) in paragraph at lines 90--93

 []

) (./background.tex
Underfull \hbox (badness 10000) in paragraph at lines 5--10

 []


Underfull \hbox (badness 10000) in paragraph at lines 18--24

 []


Underfull \hbox (badness 10000) in paragraph at lines 25--32

 []


Underfull \hbox (badness 10000) in paragraph at lines 46--48

 []

[4]
Underfull \hbox (badness 10000) in paragraph at lines 49--55

 []


Underfull \hbox (badness 10000) in paragraph at lines 56--65

 []


Underfull \hbox (badness 10000) in paragraph at lines 66--74

 []


Underfull \hbox (badness 10000) in paragraph at lines 88--90

 []


Underfull \hbox (badness 10000) in paragraph at lines 91--98

 []

[5]
Underfull \hbox (badness 10000) in paragraph at lines 111--115

 []


Underfull \hbox (badness 10000) in paragraph at lines 116--121

 []


Underfull \hbox (badness 10000) in paragraph at lines 122--127

 []


Underfull \hbox (badness 10000) in paragraph at lines 128--131

 []

) (./simulations.tex
Underfull \hbox (badness 10000) in paragraph at lines 8--13

 []

[6]
Package epstopdf Info: Source file: <./fig0.eps>
(epstopdf)                    date: 2016-11-27 19:47:55
(epstopdf)                    size: 8812601 bytes
(epstopdf)             Output file: <./fig0-eps-converted-to.pdf>
(epstopdf)                    date: 2016-11-27 19:51:56
(epstopdf)                    size: 1571858 bytes
(epstopdf)             Command: <repstopdf --outfile=./fig0-eps-converted-to.pd
f ./fig0.eps>
(epstopdf)             \includegraphics on input line 15.
Package epstopdf Info: Output file is already uptodate.
 <./fig0-eps-converted-to.pdf, id=35, 1028.84375pt x 1028.84375pt>
File: ./fig0-eps-converted-to.pdf Graphic file (type pdf)

<use ./fig0-eps-converted-to.pdf>
Package pdftex.def Info: ./fig0-eps-converted-to.pdf used on input line 15.
(pdftex.def)             Requested size: 390.0pt x 390.00706pt.

Underfull \hbox (badness 10000) in paragraph at lines 23--31

 []


Underfull \hbox (badness 10000) in paragraph at lines 32--36

 []


Underfull \hbox (badness 10000) in paragraph at lines 37--45

 []


Underfull \hbox (badness 10000) in paragraph at lines 46--51

 []


Underfull \hbox (badness 10000) in paragraph at lines 52--55

 []


Underfull \hbox (badness 10000) in paragraph at lines 59--64

 []

[7] [8 <./fig0-eps-converted-to.pdf>]
Underfull \hbox (badness 10000) in paragraph at lines 65--70

 []

) (./results.tex
Underfull \hbox (badness 10000) in paragraph at lines 6--14

 []

Package epstopdf Info: Source file: <./fig1.eps>
(epstopdf)                    date: 2016-11-21 18:53:30
(epstopdf)                    size: 161699 bytes
(epstopdf)             Output file: <./fig1-eps-converted-to.pdf>
(epstopdf)                    date: 2016-12-02 18:37:06
(epstopdf)                    size: 22709 bytes
(epstopdf)             Command: <repstopdf --outfile=./fig1-eps-converted-to.pd
f ./fig1.eps>
(epstopdf)             \includegraphics on input line 17.
Package epstopdf Info: Output file is already uptodate.
<./fig1-eps-converted-to.pdf, id=50, 210.7875pt x 150.5625pt>
File: ./fig1-eps-converted-to.pdf Graphic file (type pdf)

<use ./fig1-eps-converted-to.pdf>
Package pdftex.def Info: ./fig1-eps-converted-to.pdf used on input line 17.
(pdftex.def)             Requested size: 390.0pt x 278.57759pt.

Underfull \hbox (badness 10000) in paragraph at lines 31--40

 []


Underfull \hbox (badness 10000) in paragraph at lines 41--44

 []

[9] [10 <./fig1-eps-converted-to.pdf>]
Underfull \hbox (badness 10000) in paragraph at lines 47--51

 []


Underfull \hbox (badness 10000) in paragraph at lines 54--64

 []

Package epstopdf Info: Source file: <./fig2.eps>
(epstopdf)                    date: 2016-11-27 19:47:55
(epstopdf)                    size: 208304 bytes
(epstopdf)             Output file: <./fig2-eps-converted-to.pdf>
(epstopdf)                    date: 2016-11-27 19:52:07
(epstopdf)                    size: 14019 bytes
(epstopdf)             Command: <repstopdf --outfile=./fig2-eps-converted-to.pd
f ./fig2.eps>
(epstopdf)             \includegraphics on input line 69.
Package epstopdf Info: Output file is already uptodate.
<./fig2-eps-converted-to.pdf, id=79, 215.80624pt x 150.5625pt>
File: ./fig2-eps-converted-to.pdf Graphic file (type pdf)

<use ./fig2-eps-converted-to.pdf>
Package pdftex.def Info: ./fig2-eps-converted-to.pdf used on input line 69.
(pdftex.def)             Requested size: 292.5pt x 204.09143pt.
Package epstopdf Info: Source file: <./fig3.eps>
(epstopdf)                    date: 2016-11-27 19:47:55
(epstopdf)                    size: 202296 bytes
(epstopdf)             Output file: <./fig3-eps-converted-to.pdf>
(epstopdf)                    date: 2016-11-27 19:52:12
(epstopdf)                    size: 11491 bytes
(epstopdf)             Command: <repstopdf --outfile=./fig3-eps-converted-to.pd
f ./fig3.eps>
(epstopdf)             \includegraphics on input line 73.
Package epstopdf Info: Output file is already uptodate.

<./fig3-eps-converted-to.pdf, id=80, 213.79875pt x 150.5625pt>
File: ./fig3-eps-converted-to.pdf Graphic file (type pdf)

<use ./fig3-eps-converted-to.pdf>
Package pdftex.def Info: ./fig3-eps-converted-to.pdf used on input line 73.
(pdftex.def)             Requested size: 292.5pt x 206.00056pt.

Underfull \hbox (badness 10000) in paragraph at lines 69--79
[][]
 []


Underfull \hbox (badness 10000) in paragraph at lines 83--95

 []


Underfull \hbox (badness 10000) in paragraph at lines 96--107

 []

[11] [12 <./fig2-eps-converted-to.pdf> <./fig3-eps-converted-to.pdf>]
Underfull \hbox (badness 10000) in paragraph at lines 114--124

 []


Underfull \hbox (badness 10000) in paragraph at lines 125--132

 []

Package epstopdf Info: Source file: <./flujo1_2_papercor.eps>
(epstopdf)                    date: 2016-11-22 15:20:41
(epstopdf)                    size: 125783 bytes
(epstopdf)             Output file: <./flujo1_2_papercor-eps-converted-to.pdf>
(epstopdf)                    date: 2016-11-28 11:36:13
(epstopdf)                    size: 14206 bytes
(epstopdf)             Command: <repstopdf --outfile=./flujo1_2_papercor-eps-co
nverted-to.pdf ./flujo1_2_papercor.eps>
(epstopdf)             \includegraphics on input line 154.
Package epstopdf Info: Output file is already uptodate.
<./flujo1_2_papercor-eps-converted-to.pdf, id=113, 212.795pt x 150.5625pt>
File: ./flujo1_2_papercor-eps-converted-to.pdf Graphic file (type pdf)

<use ./flujo1_2_papercor-eps-converted-to.pdf>
Package pdftex.def Info: ./flujo1_2_papercor-eps-converted-to.pdf used on input
 line 154.
(pdftex.def)             Requested size: 292.5pt x 206.97006pt.
Package epstopdf Info: Source file: <./flujo2_4_papercor.eps>
(epstopdf)                    date: 2016-11-22 15:43:54
(epstopdf)                    size: 128445 bytes
(epstopdf)             Output file: <./flujo2_4_papercor-eps-converted-to.pdf>
(epstopdf)                    date: 2016-11-28 11:36:18
(epstopdf)                    size: 15575 bytes
(epstopdf)             Command: <repstopdf --outfile=./flujo2_4_papercor-eps-co
nverted-to.pdf ./flujo2_4_papercor.eps>
(epstopdf)             \includegraphics on input line 155.
Package epstopdf Info: Output file is already uptodate.

<./flujo2_4_papercor-eps-converted-to.pdf, id=114, 212.795pt x 150.5625pt>
File: ./flujo2_4_papercor-eps-converted-to.pdf Graphic file (type pdf)

<use ./flujo2_4_papercor-eps-converted-to.pdf>
Package pdftex.def Info: ./flujo2_4_papercor-eps-converted-to.pdf used on input
 line 155.
(pdftex.def)             Requested size: 292.5pt x 206.97006pt.
 [13]
Package epstopdf Info: Source file: <./fig5.eps>
(epstopdf)                    date: 2016-11-27 19:47:55
(epstopdf)                    size: 128777 bytes
(epstopdf)             Output file: <./fig5-eps-converted-to.pdf>
(epstopdf)                    date: 2016-11-27 19:52:22
(epstopdf)                    size: 15810 bytes
(epstopdf)             Command: <repstopdf --outfile=./fig5-eps-converted-to.pd
f ./fig5.eps>
(epstopdf)             \includegraphics on input line 157.
Package epstopdf Info: Output file is already uptodate.

<./fig5-eps-converted-to.pdf, id=119, 212.795pt x 150.5625pt>
File: ./fig5-eps-converted-to.pdf Graphic file (type pdf)

<use ./fig5-eps-converted-to.pdf>
Package pdftex.def Info: ./fig5-eps-converted-to.pdf used on input line 157.
(pdftex.def)             Requested size: 292.5pt x 206.97006pt.
 [14 <./flujo1_2_papercor-eps-converted-to.pdf> <./flujo2_4_papercor-eps-conver
ted-to.pdf>]
Underfull \hbox (badness 10000) in paragraph at lines 174--182

 []


Underfull \hbox (badness 10000) in paragraph at lines 183--195

 []

[15 <./fig5-eps-converted-to.pdf>]
Package epstopdf Info: Source file: <./fig6.eps>
(epstopdf)                    date: 2016-11-27 19:47:55
(epstopdf)                    size: 126399 bytes
(epstopdf)             Output file: <./fig6-eps-converted-to.pdf>
(epstopdf)                    date: 2016-11-27 19:52:27
(epstopdf)                    size: 11618 bytes
(epstopdf)             Command: <repstopdf --outfile=./fig6-eps-converted-to.pd
f ./fig6.eps>
(epstopdf)             \includegraphics on input line 200.
Package epstopdf Info: Output file is already uptodate.

<./fig6-eps-converted-to.pdf, id=145, 209.78375pt x 150.5625pt>
File: ./fig6-eps-converted-to.pdf Graphic file (type pdf)

<use ./fig6-eps-converted-to.pdf>
Package pdftex.def Info: ./fig6-eps-converted-to.pdf used on input line 200.
(pdftex.def)             Requested size: 292.5pt x 209.92911pt.
Package epstopdf Info: Source file: <./fig7.eps>
(epstopdf)                    date: 2016-11-27 19:47:55
(epstopdf)                    size: 129804 bytes
(epstopdf)             Output file: <./fig7-eps-converted-to.pdf>
(epstopdf)                    date: 2016-11-27 19:52:32
(epstopdf)                    size: 12753 bytes
(epstopdf)             Command: <repstopdf --outfile=./fig7-eps-converted-to.pd
f ./fig7.eps>
(epstopdf)             \includegraphics on input line 201.
Package epstopdf Info: Output file is already uptodate.

<./fig7-eps-converted-to.pdf, id=146, 209.78375pt x 150.5625pt>
File: ./fig7-eps-converted-to.pdf Graphic file (type pdf)

<use ./fig7-eps-converted-to.pdf>
Package pdftex.def Info: ./fig7-eps-converted-to.pdf used on input line 201.
(pdftex.def)             Requested size: 292.5pt x 209.92911pt.
Package epstopdf Info: Source file: <./fig4.eps>
(epstopdf)                    date: 2016-11-27 19:47:55
(epstopdf)                    size: 129030 bytes
(epstopdf)             Output file: <./fig4-eps-converted-to.pdf>
(epstopdf)                    date: 2016-11-27 19:52:17
(epstopdf)                    size: 12526 bytes
(epstopdf)             Command: <repstopdf --outfile=./fig4-eps-converted-to.pd
f ./fig4.eps>
(epstopdf)             \includegraphics on input line 203.
Package epstopdf Info: Output file is already uptodate.

<./fig4-eps-converted-to.pdf, id=147, 209.78375pt x 150.5625pt>
File: ./fig4-eps-converted-to.pdf Graphic file (type pdf)

<use ./fig4-eps-converted-to.pdf>
Package pdftex.def Info: ./fig4-eps-converted-to.pdf used on input line 203.
(pdftex.def)             Requested size: 292.5pt x 209.92911pt.
 [16 <./fig6-eps-converted-to.pdf> <./fig7-eps-converted-to.pdf>]
Underfull \hbox (badness 10000) in paragraph at lines 219--230

 []

[17 <./fig4-eps-converted-to.pdf>]
Underfull \hbox (badness 10000) in paragraph at lines 233--237

 []


Underfull \hbox (badness 10000) in paragraph at lines 238--245

 []

Package epstopdf Info: Source file: <./fig8.eps>
(epstopdf)                    date: 2016-11-27 19:47:55
(epstopdf)                    size: 224462 bytes
(epstopdf)             Output file: <./fig8-eps-converted-to.pdf>
(epstopdf)                    date: 2016-11-27 19:52:38
(epstopdf)                    size: 14226 bytes
(epstopdf)             Command: <repstopdf --outfile=./fig8-eps-converted-to.pd
f ./fig8.eps>
(epstopdf)             \includegraphics on input line 247.
Package epstopdf Info: Output file is already uptodate.
<./fig8-eps-converted-to.pdf, id=174, 212.795pt x 150.5625pt>
File: ./fig8-eps-converted-to.pdf Graphic file (type pdf)

<use ./fig8-eps-converted-to.pdf>
Package pdftex.def Info: ./fig8-eps-converted-to.pdf used on input line 247.
(pdftex.def)             Requested size: 390.0pt x 275.95856pt.

Underfull \hbox (badness 10000) in paragraph at lines 256--262

 []


Underfull \hbox (badness 10000) in paragraph at lines 264--270

 []

Package epstopdf Info: Source file: <./fig9.eps>
(epstopdf)                    date: 2016-11-26 17:28:52
(epstopdf)                    size: 159452 bytes
(epstopdf)             Output file: <./fig9-eps-converted-to.pdf>
(epstopdf)                    date: 2016-12-02 18:37:12
(epstopdf)                    size: 22429 bytes
(epstopdf)             Command: <repstopdf --outfile=./fig9-eps-converted-to.pd
f ./fig9.eps>
(epstopdf)             \includegraphics on input line 273.
Package epstopdf Info: Output file is already uptodate.
<./fig9-eps-converted-to.pdf, id=175, 213.79875pt x 146.5475pt>
File: ./fig9-eps-converted-to.pdf Graphic file (type pdf)

<use ./fig9-eps-converted-to.pdf>
Package pdftex.def Info: ./fig9-eps-converted-to.pdf used on input line 273.
(pdftex.def)             Requested size: 390.0pt x 267.34294pt.

Underfull \hbox (badness 10000) in paragraph at lines 285--289

 []


Underfull \hbox (badness 10000) in paragraph at lines 290--291

 []

[18] [19 <./fig8-eps-converted-to.pdf>] [20 <./fig9-eps-converted-to.pdf>]
Underfull \hbox (badness 10000) in paragraph at lines 292--301

 []


Underfull \hbox (badness 10000) in paragraph at lines 302--312

 []


Underfull \hbox (badness 10000) in paragraph at lines 315--326

 []

[21]
Package epstopdf Info: Source file: <./fig10.eps>
(epstopdf)                    date: 2016-11-27 19:47:55
(epstopdf)                    size: 128563 bytes
(epstopdf)             Output file: <./fig10-eps-converted-to.pdf>
(epstopdf)                    date: 2016-11-27 19:52:48
(epstopdf)                    size: 12297 bytes
(epstopdf)             Command: <repstopdf --outfile=./fig10-eps-converted-to.p
df ./fig10.eps>
(epstopdf)             \includegraphics on input line 333.
Package epstopdf Info: Output file is already uptodate.
 <./fig10-eps-converted-to.pdf, id=206, 209.78375pt x 150.5625pt>
File: ./fig10-eps-converted-to.pdf Graphic file (type pdf)

<use ./fig10-eps-converted-to.pdf>
Package pdftex.def Info: ./fig10-eps-converted-to.pdf used on input line 333.
(pdftex.def)             Requested size: 292.5pt x 209.92911pt.
Package epstopdf Info: Source file: <./fig11.eps>
(epstopdf)                    date: 2016-11-27 19:47:55
(epstopdf)                    size: 127114 bytes
(epstopdf)             Output file: <./fig11-eps-converted-to.pdf>
(epstopdf)                    date: 2016-11-27 19:52:52
(epstopdf)                    size: 11934 bytes
(epstopdf)             Command: <repstopdf --outfile=./fig11-eps-converted-to.p
df ./fig11.eps>
(epstopdf)             \includegraphics on input line 337.
Package epstopdf Info: Output file is already uptodate.

<./fig11-eps-converted-to.pdf, id=207, 209.78375pt x 150.5625pt>
File: ./fig11-eps-converted-to.pdf Graphic file (type pdf)

<use ./fig11-eps-converted-to.pdf>
Package pdftex.def Info: ./fig11-eps-converted-to.pdf used on input line 337.
(pdftex.def)             Requested size: 292.5pt x 209.92911pt.

Underfull \hbox (badness 10000) in paragraph at lines 333--345
[][]
 []


Underfull \hbox (badness 10000) in paragraph at lines 349--360

 []

Package epstopdf Info: Source file: <./fig12.eps>
(epstopdf)                    date: 2016-11-22 08:35:49
(epstopdf)                    size: 126560 bytes
(epstopdf)             Output file: <./fig12-eps-converted-to.pdf>
(epstopdf)                    date: 2016-12-02 18:38:04
(epstopdf)                    size: 12525 bytes
(epstopdf)             Command: <repstopdf --outfile=./fig12-eps-converted-to.p
df ./fig12.eps>
(epstopdf)             \includegraphics on input line 363.
Package epstopdf Info: Output file is already uptodate.
<./fig12-eps-converted-to.pdf, id=208, 217.81375pt x 150.5625pt>
File: ./fig12-eps-converted-to.pdf Graphic file (type pdf)

<use ./fig12-eps-converted-to.pdf>
Package pdftex.def Info: ./fig12-eps-converted-to.pdf used on input line 363.
(pdftex.def)             Requested size: 390.0pt x 269.58559pt.

Underfull \hbox (badness 10000) in paragraph at lines 376--383

 []


Underfull \hbox (badness 10000) in paragraph at lines 384--392

 []


Underfull \hbox (badness 10000) in paragraph at lines 393--403

 []

[22] [23 <./fig10-eps-converted-to.pdf> <./fig11-eps-converted-to.pdf>]
[24 <./fig12-eps-converted-to.pdf>]
Underfull \hbox (badness 10000) in paragraph at lines 404--410

 []


Underfull \hbox (badness 10000) in paragraph at lines 414--422

 []

Package epstopdf Info: Source file: <./fig13.eps>
(epstopdf)                    date: 2016-11-22 10:25:39
(epstopdf)                    size: 137942 bytes
(epstopdf)             Output file: <./fig13-eps-converted-to.pdf>
(epstopdf)                    date: 2016-12-02 18:37:18
(epstopdf)                    size: 16094 bytes
(epstopdf)             Command: <repstopdf --outfile=./fig13-eps-converted-to.p
df ./fig13.eps>
(epstopdf)             \includegraphics on input line 425.
Package epstopdf Info: Output file is already uptodate.
<./fig13-eps-converted-to.pdf, id=238, 217.81375pt x 150.5625pt>
File: ./fig13-eps-converted-to.pdf Graphic file (type pdf)

<use ./fig13-eps-converted-to.pdf>
Package pdftex.def Info: ./fig13-eps-converted-to.pdf used on input line 425.
(pdftex.def)             Requested size: 390.0pt x 269.58559pt.

Underfull \hbox (badness 10000) in paragraph at lines 440--453

 []


Underfull \hbox (badness 10000) in paragraph at lines 454--459

 []

[25] [26 <./fig13-eps-converted-to.pdf>]
Underfull \hbox (badness 10000) in paragraph at lines 460--468

 []


Underfull \hbox (badness 10000) in paragraph at lines 469--477

 []

Package epstopdf Info: Source file: <./fig14.eps>
(epstopdf)                    date: 2016-11-26 15:30:29
(epstopdf)                    size: 132292 bytes
(epstopdf)             Output file: <./fig14-eps-converted-to.pdf>
(epstopdf)                    date: 2016-12-02 18:37:23
(epstopdf)                    size: 13951 bytes
(epstopdf)             Command: <repstopdf --outfile=./fig14-eps-converted-to.p
df ./fig14.eps>
(epstopdf)             \includegraphics on input line 482.
Package epstopdf Info: Output file is already uptodate.
<./fig14-eps-converted-to.pdf, id=266, 212.795pt x 150.5625pt>
File: ./fig14-eps-converted-to.pdf Graphic file (type pdf)

<use ./fig14-eps-converted-to.pdf>
Package pdftex.def Info: ./fig14-eps-converted-to.pdf used on input line 482.
(pdftex.def)             Requested size: 390.0pt x 275.95856pt.

Underfull \hbox (badness 10000) in paragraph at lines 494--502

 []

) (./conclusions.tex [27] [28 <./fig14-eps-converted-to.pdf>]
Underfull \hbox (badness 10000) in paragraph at lines 4--12

 []


Underfull \hbox (badness 10000) in paragraph at lines 13--21

 []


Underfull \hbox (badness 10000) in paragraph at lines 22--31

 []


Underfull \hbox (badness 10000) in paragraph at lines 32--38

 []


Underfull \hbox (badness 10000) in paragraph at lines 39--43

 []

[29]) (./acknowledgments.tex) (./appendix.tex
Underfull \hbox (badness 10000) in paragraph at lines 17--24

 []


Underfull \hbox (badness 10000) in paragraph at lines 25--27

 []


Underfull \hbox (badness 10000) in paragraph at lines 34--38

 []


Underfull \hbox (badness 10000) in paragraph at lines 39--44

 []

[30]
Underfull \hbox (badness 10000) in paragraph at lines 45--51

 []


Underfull \hbox (badness 10000) in paragraph at lines 61--65

 []


Underfull \hbox (badness 10000) in paragraph at lines 68--72

 []


Underfull \hbox (badness 10000) in paragraph at lines 75--79

 []

Package epstopdf Info: Source file: <./fig15.eps>
(epstopdf)                    date: 2016-11-27 19:47:55
(epstopdf)                    size: 6913 bytes
(epstopdf)             Output file: <./fig15-eps-converted-to.pdf>
(epstopdf)                    date: 2016-11-27 19:53:10
(epstopdf)                    size: 5172 bytes
(epstopdf)             Command: <repstopdf --outfile=./fig15-eps-converted-to.p
df ./fig15.eps>
(epstopdf)             \includegraphics on input line 81.
Package epstopdf Info: Output file is already uptodate.
<./fig15-eps-converted-to.pdf, id=291, 296.10625pt x 96.36pt>
File: ./fig15-eps-converted-to.pdf Graphic file (type pdf)

<use ./fig15-eps-converted-to.pdf>
Package pdftex.def Info: ./fig15-eps-converted-to.pdf used on input line 81.
(pdftex.def)             Requested size: 292.5pt x 95.18935pt.

Underfull \hbox (badness 10000) in paragraph at lines 87--92

 []

[31]
Underfull \hbox (badness 10000) in paragraph at lines 140--147

 []

[32 <./fig15-eps-converted-to.pdf>]
Underfull \hbox (badness 10000) in paragraph at lines 198--203

 []

[33]
Underfull \hbox (badness 10000) in paragraph at lines 219--222

 []


Underfull \hbox (badness 10000) in paragraph at lines 223--229

 []

Package epstopdf Info: Source file: <./fig16.eps>
(epstopdf)                    date: 2016-11-27 19:47:55
(epstopdf)                    size: 132899 bytes
(epstopdf)             Output file: <./fig16-eps-converted-to.pdf>
(epstopdf)                    date: 2016-11-27 19:53:15
(epstopdf)                    size: 14137 bytes
(epstopdf)             Command: <repstopdf --outfile=./fig16-eps-converted-to.p
df ./fig16.eps>
(epstopdf)             \includegraphics on input line 232.
Package epstopdf Info: Output file is already uptodate.
<./fig16-eps-converted-to.pdf, id=305, 220.825pt x 150.5625pt>
File: ./fig16-eps-converted-to.pdf Graphic file (type pdf)

<use ./fig16-eps-converted-to.pdf>
Package pdftex.def Info: ./fig16-eps-converted-to.pdf used on input line 232.
(pdftex.def)             Requested size: 390.0pt x 265.92123pt.
) (./physicaA_submit.bbl
Missing character: There is no â in font cmr12!
Missing character: There is no € in font cmr12!
Missing character: There is no “ in font cmr12!
 [34] [35 <./fig16-eps-converted-to.pdf>]
Underfull \hbox (badness 2662) in paragraph at lines 68--76
\OT1/cmr/m/n/12 sity and ben-e-fits of demand-controlled ven-ti-la-tion in nor-
we-gian
 []


Overfull \hbox (69.1095pt too wide) in paragraph at lines 68--76
\OT1/cmr/m/n/12 URL \OT1/cmtt/m/n/12 http://www.sciencedirect.com/science/artic
le/pii/S037877880500040X 
 []


Overfull \hbox (69.1095pt too wide) in paragraph at lines 78--85
\OT1/cmr/m/n/12 URL \OT1/cmtt/m/n/12 http://www.sciencedirect.com/science/artic
le/pii/S002199918571039X 
 []

[36]) [37] (./physicaA_submit.aux)

LaTeX Warning: There were multiply-defined labels.

 ) 
Here is how much of TeX's memory you used:
 4120 strings out of 494985
 61438 string characters out of 6180356
 120397 words of memory out of 5000000
 7228 multiletter control sequences out of 15000+600000
 14640 words of font info for 55 fonts, out of 8000000 for 9000
 36 hyphenation exceptions out of 8191
 38i,11n,47p,1000b,377s stack positions out of 5000i,500n,10000p,200000b,80000s
</usr/share/texlive/texmf-dist/fonts/type1/public/amsfonts/cm/cmbx12.pfb></us
r/share/texlive/texmf-dist/fonts/type1/public/amsfonts/cm/cmcsc10.pfb></usr/sha
re/texlive/texmf-dist/fonts/type1/public/amsfonts/cm/cmex10.pfb></usr/share/tex
live/texmf-dist/fonts/type1/public/amsfonts/cm/cmmi10.pfb></usr/share/texlive/t
exmf-dist/fonts/type1/public/amsfonts/cm/cmmi12.pfb></usr/share/texlive/texmf-d
ist/fonts/type1/public/amsfonts/cm/cmmi5.pfb></usr/share/texlive/texmf-dist/fon
ts/type1/public/amsfonts/cm/cmmi6.pfb></usr/share/texlive/texmf-dist/fonts/type
1/public/amsfonts/cm/cmmi7.pfb></usr/share/texlive/texmf-dist/fonts/type1/publi
c/amsfonts/cm/cmmi8.pfb></usr/share/texlive/texmf-dist/fonts/type1/public/amsfo
nts/cm/cmmi9.pfb></usr/share/texlive/texmf-dist/fonts/type1/public/amsfonts/cm/
cmr10.pfb></usr/share/texlive/texmf-dist/fonts/type1/public/amsfonts/cm/cmr12.p
fb></usr/share/texlive/texmf-dist/fonts/type1/public/amsfonts/cm/cmr17.pfb></us
r/share/texlive/texmf-dist/fonts/type1/public/amsfonts/cm/cmr6.pfb></usr/share/
texlive/texmf-dist/fonts/type1/public/amsfonts/cm/cmr7.pfb></usr/share/texlive/
texmf-dist/fonts/type1/public/amsfonts/cm/cmr8.pfb></usr/share/texlive/texmf-di
st/fonts/type1/public/amsfonts/cm/cmss8.pfb></usr/share/texlive/texmf-dist/font
s/type1/public/amsfonts/cm/cmsy10.pfb></usr/share/texlive/texmf-dist/fonts/type
1/public/amsfonts/cm/cmsy6.pfb></usr/share/texlive/texmf-dist/fonts/type1/publi
c/amsfonts/cm/cmsy7.pfb></usr/share/texlive/texmf-dist/fonts/type1/public/amsfo
nts/cm/cmsy8.pfb></usr/share/texlive/texmf-dist/fonts/type1/public/amsfonts/cm/
cmti10.pfb></usr/share/texlive/texmf-dist/fonts/type1/public/amsfonts/cm/cmti12
.pfb></usr/share/texlive/texmf-dist/fonts/type1/public/amsfonts/cm/cmti7.pfb></
usr/share/texlive/texmf-dist/fonts/type1/public/amsfonts/cm/cmtt12.pfb></usr/sh
are/texlive/texmf-dist/fonts/type1/public/amsfonts/symbols/msam10.pfb></usr/sha
re/texlive/texmf-dist/fonts/type1/urw/ncntrsbk/uncr8a.pfb>
Output written on physicaA_submit.pdf (37 pages, 2058161 bytes).
PDF statistics:
 404 PDF objects out of 1000 (max. 8388607)
 314 compressed objects within 4 object streams
 0 named destinations out of 1000 (max. 500000)
 96 words of extra memory for PDF output out of 10000 (max. 10000000)

